<?xml version="1.0" encoding="UTF-8" ?>
<testsuites>
 <testsuite name="API searchbox , " timestamp="2016-11-29T01:07:05" hostname="localhost" time="0.006" errors="0" tests="2" skipped="2" disabled="0" failures="0">
  <testcase classname="API searchbox , " name="should be able to receive a search term from a user and display a correct result. @smoke" time="0.002">
   <skipped />
  </testcase>
  <testcase classname="API searchbox , " name="should be able to receive a search term from a user and display a correct result. @smoke" time="0.001">
   <skipped />
  </testcase>
 </testsuite>
 <testsuite name="The Known issue links in the Browser Support page " timestamp="2016-11-29T01:07:05" hostname="localhost" time="12.375" errors="0" tests="1" skipped="0" disabled="0" failures="0">
  <testcase classname="The Known issue links in the Browser Support page " name="should not throw an error. @regression " time="12.375" />
 </testsuite>
</testsuites>