<?xml version="1.0" encoding="UTF-8" ?>
<testsuites>
 <testsuite name="API searchbox , " timestamp="2016-11-28T21:39:32" hostname="localhost" time="14.497" errors="0" tests="2" skipped="0" disabled="0" failures="0">
  <testcase classname="API searchbox , " name="should be able to receive a search term from a user and display a correct result." time="7.708" />
  <testcase classname="API searchbox , " name="should be able to receive a search term from a user and display a correct result." time="6.786" />
 </testsuite>
</testsuites>