<?xml version="1.0" encoding="UTF-8" ?>
<testsuites>
 <testsuite name="API searchbox , " timestamp="2016-12-04T23:07:57" hostname="localhost" time="23.574" errors="0" tests="2" skipped="0" disabled="0" failures="0">
  <testcase classname="API searchbox , " name="should be able to receive a search term from a user and display a correct result. @smoke" time="12.632" />
  <testcase classname="API searchbox , " name="should be able to receive a search term from a user and display a correct result. @smoke" time="10.939" />
 </testsuite>
</testsuites>